<?xml version="1.0" encoding="UTF-8"?>
<!-- Generated by org.testng.reporters.JUnitReportReporter -->
<testsuite hostname="WIN-EMKH1NC1HHO" failures="0" tests="2" name="com.SeleniumEasy.Test.SeleniumEasyHomePgTestCases" time="15.747" errors="0" timestamp="2020-12-24T14:30:19 EST" skipped="0">
  <testcase classname="com.SeleniumEasy.Test.SeleniumEasyHomePgTestCases" name="DemoHomeTest" time="8.247"/>
  <system-out/>
  <testcase classname="com.SeleniumEasy.Test.SeleniumEasyHomePgTestCases" name="SimpleForm" time="7.500"/>
  <system-out/>
</testsuite> <!-- com.SeleniumEasy.Test.SeleniumEasyHomePgTestCases -->
