<?xml version="1.0" encoding="UTF-8"?>
<!-- Generated by org.testng.reporters.JUnitReportReporter -->
<testsuite hostname="WIN-EMKH1NC1HHO" failures="0" tests="2" name="com.SeleniumEasy.Test.SeleniumEasyHomePgTestCases" time="19.271" errors="0" timestamp="2020-12-25T16:43:49 EST" skipped="0">
  <testcase classname="com.SeleniumEasy.Test.SeleniumEasyHomePgTestCases" name="DemoHomeTest" time="9.676"/>
  <system-out/>
  <testcase classname="com.SeleniumEasy.Test.SeleniumEasyHomePgTestCases" name="SimpleForm" time="9.595"/>
  <system-out/>
</testsuite> <!-- com.SeleniumEasy.Test.SeleniumEasyHomePgTestCases -->
